
                 *********************************************
                 *                                           *
                 *             A I M - S p i c e             *
                 *                                           *
                 *         Professional Version 2019.100           *
                 *                                           *
                 *********************************************

	Date: Mon Nov 11 14:01:01 2019
	Circuit File: C:\Users\Andrea\Desktop\IC-prosjekt\figure1.cir
	Analysis: Transient

**************************  Circuit Description  **************************

     1:  Analog circuit for project
     2:  
     3:  .subckt PhotoDiode  VDD N1_R1C1 
     4:  I1_R1C1  VDD   N1_R1C1   DC  Ipd_1
     5:  d1 N1_R1C1 vdd dwell 1
     6:  .model dwell d cj0=1e-14 is=1e-12 m=0.5 bv=40
     7:  Cd1 N1_R1C1 VDD 30f
     8:  .ends
     9:  
    10:  
    11:  *MN1 DRAIN GATE SOURCE BULK NMOS WIDTH LENGTH 
    12:  *MP1 SOURCE GATE DRAIN BULK PMOS WIDTH LENGTH 
    13:  * 0.7 um < L < 2  um
    14:  * 2.0 um < W < 10 um
    15:  
    16:  .param Ln = {0.7u}
    17:  .param Lp = {0.7u}
    18:  .param Wn = {2u}
    19:  .param Wp = {2u}
    20:  .param Cs = {3p}
    21:  
    22:  VDD vdd 0 dc 1.8
    23:  PhotoDiode vdd dEXPOSE
    24:  EXPOSE dEXPOSE gEXPOSE sEXPOSE 0 NMOS L=Ln W=Wn 
    25:  
    26:  
    27:  *include p18_model_card.inc
    28:  * p18 model card
    29:  .MODEL NMOS NMOS  								
    30:  + VERSION	=	3.1						
    31:  + LEVEL	=	49	NOIMOD	=	1	TNOM	=	2.70E+01
    32:  + TOX	=	'4.1E-9/proc_delta'	XJ	=	1.00E-07	NCH	=	2.33E+17
    33:  + VTH0	=	'0.36+vt_shift'	K1	=	5.84E-01	K2	=	4.14E-03
    34:  + K3	=	1.01E-03	K3B	=	2.20E+00	W0	=	1.00E-07
    35:  + NLX	=	1.81E-07	DVT0W	=	0.00E+00	DVT1W	=	0.00E+00
    36:  + DVT2W	=	0.00E+00	DVT0	=	1.73E+00	DVT1	=	4.38E-01
    37:  + DVT2	=	-3.70E-04	U0	=	'260*proc_delta*proc_delta'	UA	=	-1.38E-09
    38:  + UB	=	2.26E-18	UC	=	5.46E-11	VSAT	=	1.03E+05
    39:  + A0	=	1.92E+00	AGS	=	4.20E-01	B0	=	-1.52E-09
    40:  + B1	=	-9.92E-08	KETA	=	-7.16E-03	A1	=	6.61E-04
    41:  + A2	=	8.89E-01	RDSW	=	1.12E+02	PRWG	=	4.92E-01
    42:  + PRWB	=	-2.02E-01	WR	=	1.00E+00	WINT	=	7.12E-09
    43:  + LINT	=	1.12E-08	XL	=	-2.00E-08	XW	=	-1.00E-08
    44:  + DWG	=	-3.82E-09	DWB	=	8.63E-09	VOFF	=	-8.82E-02
    45:  + NFACTOR	=	2.30E+00	CIT	=	0.00E+00	CDSC	=	2.40E-04
    46:  + CDSCD	=	0.00E+00	CDSCB	=	0.00E+00	ETA0	=	3.13E-03
    47:  + ETAB	=	1.00E+00	DSUB	=	2.25E-02	PCLM	=	7.20E-01
    48:  + PDIBLC1	=	2.15E-01	PDIBLC2	=	2.23E-03	PDIBLCB	=	1.00E-01
    49:  + DROUT	=	8.01E-01	PSCBE1	=	5.44E+08	PSCBE2	=	1.00E-03
    50:  + PVAG	=	1.00E-12	DELTA	=	1.00E-02	RSH	=	6.78E+00
    51:  + MOBMOD	=	1.00E+00	PRT	=	0.00E+00	UTE	=	-1.50E+00
    52:  + KT1	=	-1.10E-01	KT1L	=	0.00E+00	KT2	=	2.19E-02
    53:  + UA1	=	4.28E-09	UB1	=	-7.62E-18	UC1	=	-5.57E-11
    54:  + AT	=	3.30E+04	WL	=	0.00E+00	WLN	=	1.00E+00
    55:  + WW	=	0.00E+00	WWN	=	1.00E+00	WWL	=	0.00E+00
    56:  + LL	=	0.00E+00	LLN	=	1.00E+00	LW	=	0.00E+00
    57:  + LWN	=	1.00E+00	LWL	=	0.00E+00	CAPMOD	=	2.00E+00
    58:  + XPART	=	5.00E-01	CGDO	=	6.98E-10	CGSO	=	7.03E-10
    59:  + CGBO	=	1.00E-12	CJ	=	'9.8e-4/proc_delta'	PB	=	7.34E-01
    60:  + MJ	=	3.63E-01	CJSW	=	'2.4e-10/proc_delta'	PBSW	=	4.71E-01
    61:  + MJSW	=	1.00E-01	CJSWG	=	3.29E-10	PBSWG	=	4.66E-01
    62:  + MJSWG	=	1.00E-01	CF	=	0.00E+00	PVTH0	=	-7.16E-04
    63:  + PRDSW	=	-6.66E-01	PK2	=	5.92E-04	WKETA	=	2.14E-04
    64:  + LKETA	=	-1.51E-02	PU0	=	3.36E+00	PUA	=	-1.31E-11
    65:  + PUB	=	0.00E+00	PVSAT	=	1.25E+03	PETA0	=	1.00E-04
    66:  + PKETA	=	6.45E-04	KF	=	4.46E-29			
    67:  								
    68:  .MODEL PMOS PMOS  								
    69:  + VERSION	=	3.1						
    70:  + LEVEL	=	49	NOIMOD	=	1			
    71:  + TNOM	=	2.70E+01	TOX	=	'4.1E-9/proc_delta'	XJ	=	1.00E-07
    72:  + NCH	=	4.12E+17	VTH0	=	'-0.39-vt_shift'	K1	=	5.50E-01
    73:  + K2	=	3.50E-02	K3	=	0.00E+00	K3B	=	1.20E+01
    74:  + W0	=	1.00E-06	NLX	=	1.25E-07	DVT0W	=	0.00E+00
    75:  + DVT1W	=	0.00E+00	DVT2W	=	0.00E+00	DVT0	=	5.53E-01
    76:  + DVT1	=	2.46E-01	DVT2	=	1.00E-01	U0	=	'110*proc_delta*proc_delta'
    77:  + UA	=	1.44E-09	UB	=	2.29E-21	UC	=	-1.00E-10
    78:  + VSAT	=	1.95E+05	A0	=	1.72E+00	AGS	=	3.80E-01
    79:  + B0	=	5.87E-07	B1	=	1.44E-06	KETA	=	2.21E-02
    80:  + A1	=	4.66E-01	A2	=	3.00E-01	RDSW	=	3.11E+02
    81:  + PRWG	=	5.00E-01	PRWB	=	1.64E-02	WR	=	1.00E+00
    82:  + WINT	=	0.00E+00	LINT	=	2.00E-08	XL	=	-2.00E-08
    83:  + XW	=	-1.00E-08	DWG	=	-3.49E-08	DWB	=	1.22E-09
    84:  + VOFF	=	-9.80E-02	NFACTOR	=	2.00E+00	CIT	=	0.00E+00
    85:  + CDSC	=	2.40E-04	CDSCD	=	0.00E+00	CDSCB	=	0.00E+00
    86:  + ETA0	=	1.12E-03	ETAB	=	-4.79E-04	DSUB	=	1.60E-03
    87:  + PCLM	=	1.50E+00	PDIBLC1	=	3.00E-02	PDIBLC2	=	-1.01E-05
    88:  + PDIBLCB	=	1.00E-01	DROUT	=	1.56E-03	PSCBE1	=	4.91E+09
    89:  + PSCBE2	=	1.64E-09	PVAG	=	3.48E+00	DELTA	=	1.00E-02
    90:  + RSH	=	7.69E+00	MOBMOD	=	1.00E+00	PRT	=	0.00E+00
    91:  + UTE	=	-1.49E+00	KT1	=	-1.09E-01	KT1L	=	0.00E+00
    92:  + KT2	=	2.18E-02	UA1	=	4.27E-09	UB1	=	-7.68E-18
    93:  + UC1	=	-5.57E-11	AT	=	3.31E+04	WL	=	0.00E+00
    94:  + WLN	=	1.00E+00	WW	=	0.00E+00	WWN	=	1.00E+00
    95:  + WWL	=	0.00E+00	LL	=	0.00E+00	LLN	=	1.00E+00
    96:  + LW	=	0.00E+00	LWN	=	1.00E+00	LWL	=	0.00E+00
    97:  + CAPMOD	=	2.00E+00	XPART	=	5.00E-01	CGDO	=	6.88E-10
    98:  + CGSO	=	6.85E-10	CGBO	=	1.00E-12	CJ	=	'1.2e-3/proc_delta'
    99:  + PB	=	8.70E-01	MJ	=	4.20E-01	CJSW	=	'2.4e-10/proc_delta'
   100:  + PBSW	=	8.00E-01	MJSW	=	3.57E-01	CJSWG	=	4.24E-10
   101:  + PBSWG	=	8.00E-01	MJSWG	=	3.56E-01	CF	=	0.00E+00
   102:  + PVTH0	=	3.53E-03	PRDSW	=	1.02E+01	PK2	=	3.35E-03
   103:  + WKETA	=	3.52E-02	LKETA	=	-2.06E-03	PU0	=	-2.19E+00
   104:  + PUA	=	-7.63E-11	PUB	=	9.91E-22	PVSAT	=	5.00E+01
   105:  + PKETA	=	-6.41E-03	KF	=	1.29E-29	PETA0	=	7.31E-05
   106:  
   107:  *end of: p18_model_card.inc
   108:  *include p18_cmos_models.inc
   109:  .param proc_delta = 0.95
   110:  .param vt_shift = 0.1
   111:  *include p18_model_card.inc
   112:  * p18 model card
   113:  .MODEL NMOS NMOS  								
   114:  + VERSION	=	3.1						
   115:  + LEVEL	=	49	NOIMOD	=	1	TNOM	=	2.70E+01
   116:  + TOX	=	'4.1E-9/proc_delta'	XJ	=	1.00E-07	NCH	=	2.33E+17
   117:  + VTH0	=	'0.36+vt_shift'	K1	=	5.84E-01	K2	=	4.14E-03
   118:  + K3	=	1.01E-03	K3B	=	2.20E+00	W0	=	1.00E-07
   119:  + NLX	=	1.81E-07	DVT0W	=	0.00E+00	DVT1W	=	0.00E+00
   120:  + DVT2W	=	0.00E+00	DVT0	=	1.73E+00	DVT1	=	4.38E-01
   121:  + DVT2	=	-3.70E-04	U0	=	'260*proc_delta*proc_delta'	UA	=	-1.38E-09
   122:  + UB	=	2.26E-18	UC	=	5.46E-11	VSAT	=	1.03E+05
   123:  + A0	=	1.92E+00	AGS	=	4.20E-01	B0	=	-1.52E-09
   124:  + B1	=	-9.92E-08	KETA	=	-7.16E-03	A1	=	6.61E-04
   125:  + A2	=	8.89E-01	RDSW	=	1.12E+02	PRWG	=	4.92E-01
   126:  + PRWB	=	-2.02E-01	WR	=	1.00E+00	WINT	=	7.12E-09
   127:  + LINT	=	1.12E-08	XL	=	-2.00E-08	XW	=	-1.00E-08
   128:  + DWG	=	-3.82E-09	DWB	=	8.63E-09	VOFF	=	-8.82E-02
   129:  + NFACTOR	=	2.30E+00	CIT	=	0.00E+00	CDSC	=	2.40E-04
   130:  + CDSCD	=	0.00E+00	CDSCB	=	0.00E+00	ETA0	=	3.13E-03
   131:  + ETAB	=	1.00E+00	DSUB	=	2.25E-02	PCLM	=	7.20E-01
   132:  + PDIBLC1	=	2.15E-01	PDIBLC2	=	2.23E-03	PDIBLCB	=	1.00E-01
   133:  + DROUT	=	8.01E-01	PSCBE1	=	5.44E+08	PSCBE2	=	1.00E-03
   134:  + PVAG	=	1.00E-12	DELTA	=	1.00E-02	RSH	=	6.78E+00
   135:  + MOBMOD	=	1.00E+00	PRT	=	0.00E+00	UTE	=	-1.50E+00
   136:  + KT1	=	-1.10E-01	KT1L	=	0.00E+00	KT2	=	2.19E-02
   137:  + UA1	=	4.28E-09	UB1	=	-7.62E-18	UC1	=	-5.57E-11
   138:  + AT	=	3.30E+04	WL	=	0.00E+00	WLN	=	1.00E+00
   139:  + WW	=	0.00E+00	WWN	=	1.00E+00	WWL	=	0.00E+00
   140:  + LL	=	0.00E+00	LLN	=	1.00E+00	LW	=	0.00E+00
   141:  + LWN	=	1.00E+00	LWL	=	0.00E+00	CAPMOD	=	2.00E+00
   142:  + XPART	=	5.00E-01	CGDO	=	6.98E-10	CGSO	=	7.03E-10
   143:  + CGBO	=	1.00E-12	CJ	=	'9.8e-4/proc_delta'	PB	=	7.34E-01
   144:  + MJ	=	3.63E-01	CJSW	=	'2.4e-10/proc_delta'	PBSW	=	4.71E-01
   145:  + MJSW	=	1.00E-01	CJSWG	=	3.29E-10	PBSWG	=	4.66E-01
   146:  + MJSWG	=	1.00E-01	CF	=	0.00E+00	PVTH0	=	-7.16E-04
   147:  + PRDSW	=	-6.66E-01	PK2	=	5.92E-04	WKETA	=	2.14E-04
   148:  + LKETA	=	-1.51E-02	PU0	=	3.36E+00	PUA	=	-1.31E-11
   149:  + PUB	=	0.00E+00	PVSAT	=	1.25E+03	PETA0	=	1.00E-04
   150:  + PKETA	=	6.45E-04	KF	=	4.46E-29			
   151:  								
   152:  .MODEL PMOS PMOS  								
   153:  + VERSION	=	3.1						
   154:  + LEVEL	=	49	NOIMOD	=	1			
   155:  + TNOM	=	2.70E+01	TOX	=	'4.1E-9/proc_delta'	XJ	=	1.00E-07
   156:  + NCH	=	4.12E+17	VTH0	=	'-0.39-vt_shift'	K1	=	5.50E-01
   157:  + K2	=	3.50E-02	K3	=	0.00E+00	K3B	=	1.20E+01
   158:  + W0	=	1.00E-06	NLX	=	1.25E-07	DVT0W	=	0.00E+00
   159:  + DVT1W	=	0.00E+00	DVT2W	=	0.00E+00	DVT0	=	5.53E-01
   160:  + DVT1	=	2.46E-01	DVT2	=	1.00E-01	U0	=	'110*proc_delta*proc_delta'
   161:  + UA	=	1.44E-09	UB	=	2.29E-21	UC	=	-1.00E-10
   162:  + VSAT	=	1.95E+05	A0	=	1.72E+00	AGS	=	3.80E-01
   163:  + B0	=	5.87E-07	B1	=	1.44E-06	KETA	=	2.21E-02
   164:  + A1	=	4.66E-01	A2	=	3.00E-01	RDSW	=	3.11E+02
   165:  + PRWG	=	5.00E-01	PRWB	=	1.64E-02	WR	=	1.00E+00
   166:  + WINT	=	0.00E+00	LINT	=	2.00E-08	XL	=	-2.00E-08
   167:  + XW	=	-1.00E-08	DWG	=	-3.49E-08	DWB	=	1.22E-09
   168:  + VOFF	=	-9.80E-02	NFACTOR	=	2.00E+00	CIT	=	0.00E+00
   169:  + CDSC	=	2.40E-04	CDSCD	=	0.00E+00	CDSCB	=	0.00E+00
   170:  + ETA0	=	1.12E-03	ETAB	=	-4.79E-04	DSUB	=	1.60E-03
   171:  + PCLM	=	1.50E+00	PDIBLC1	=	3.00E-02	PDIBLC2	=	-1.01E-05
   172:  + PDIBLCB	=	1.00E-01	DROUT	=	1.56E-03	PSCBE1	=	4.91E+09
   173:  + PSCBE2	=	1.64E-09	PVAG	=	3.48E+00	DELTA	=	1.00E-02
   174:  + RSH	=	7.69E+00	MOBMOD	=	1.00E+00	PRT	=	0.00E+00
   175:  + UTE	=	-1.49E+00	KT1	=	-1.09E-01	KT1L	=	0.00E+00
   176:  + KT2	=	2.18E-02	UA1	=	4.27E-09	UB1	=	-7.68E-18
   177:  + UC1	=	-5.57E-11	AT	=	3.31E+04	WL	=	0.00E+00
   178:  + WLN	=	1.00E+00	WW	=	0.00E+00	WWN	=	1.00E+00
   179:  + WWL	=	0.00E+00	LL	=	0.00E+00	LLN	=	1.00E+00
   180:  + LW	=	0.00E+00	LWN	=	1.00E+00	LWL	=	0.00E+00
   181:  + CAPMOD	=	2.00E+00	XPART	=	5.00E-01	CGDO	=	6.88E-10
   182:  + CGSO	=	6.85E-10	CGBO	=	1.00E-12	CJ	=	'1.2e-3/proc_delta'
   183:  + PB	=	8.70E-01	MJ	=	4.20E-01	CJSW	=	'2.4e-10/proc_delta'
   184:  + PBSW	=	8.00E-01	MJSW	=	3.57E-01	CJSWG	=	4.24E-10
   185:  + PBSWG	=	8.00E-01	MJSWG	=	3.56E-01	CF	=	0.00E+00
   186:  + PVTH0	=	3.53E-03	PRDSW	=	1.02E+01	PK2	=	3.35E-03
   187:  + WKETA	=	3.52E-02	LKETA	=	-2.06E-03	PU0	=	-2.19E+00
   188:  + PUA	=	-7.63E-11	PUB	=	9.91E-22	PVSAT	=	5.00E+01
   189:  + PKETA	=	-6.41E-03	KF	=	1.29E-29	PETA0	=	7.31E-05
   190:  
   191:  *end of: p18_model_card.inc
   192:  *end of: p18_cmos_models.inc
   193:  
   194:  .tran 0.0001 0.1

***************************  Model Parameters  ****************************


***************  Device Parameters (Only for .op analysis)  ***************



**************************  Analysis Parameters  **************************

	Stepsize ............ : 0.0001
	Final time .......... : 0.1
	Use Initial Conditions: Off



**************  Options (Only those different from default)  **************



***************************  Kernel Messages  *****************************

Circuit: Analog circuit for project

Error on line 23 : photodiode vdd dexpose
 unable to find definition of model  - default assumed 

Error on line 24 : expose dexpose gexpose sexpose 0 nmos l=ln w=wn 
 unknown parameter (nmos) 


